<?xml version="1.0" encoding="UTF-8"?>
<testsuite name="de.htwberlin.TimeSwitchTest" tests="4" skipped="0" failures="0" errors="0" timestamp="2021-05-22T16:30:59" hostname="LAPTOP-I3JIGTOI" time="0.09">
  <properties/>
  <testcase name="timeSwitcher2()" classname="de.htwberlin.TimeSwitchTest" time="0.077"/>
  <testcase name="timeSwitcher3()" classname="de.htwberlin.TimeSwitchTest" time="0.003"/>
  <testcase name="timeSwitcher4()" classname="de.htwberlin.TimeSwitchTest" time="0.002"/>
  <testcase name="timeSwitcher()" classname="de.htwberlin.TimeSwitchTest" time="0.002"/>
  <system-out><![CDATA[------------
------------
------------
------------
]]></system-out>
  <system-err><![CDATA[]]></system-err>
</testsuite>
